{
  "registrar/state_fetch_ms": 96.32384,
  "master/gpus_used": 0,
  "master/tasks_gone": 70,
  "master/task_failed/source_slave/reason_executor_registration_timeout": 1,
  "master/tasks_dropped": 0,
  "master/slaves_disconnected": 0,
  "master/messages_executor_to_framework": 0,
  "frameworks/kafka-integration-ai-platform-principal/messages_processed": 1485,
  "registrar/log/recovered": 1,
  "master/task_lost/source_master/reason_invalid_offers": 4,
  "master/valid_status_updates": 74608,
  "system/load_15min": 0.49,
  "frameworks/kafka-integration-ai-platform-principal/messages_received": 1485,
  "master/cpus_total": 984,
  "master/tasks_running": 456,
  "master/cpus_revocable_used": 0,
  "master/tasks_killing": 0,
  "system/mem_total_bytes": 134907854848,
  "master/tasks_staging": 1,
  "frameworks/chrmiller-test-kafka-kafka-principal/messages_processed": 0,
  "master/slave_removals/reason_registered": 0,
  "master/messages_suppress_offers": 168,
  "allocator/mesos/resources/disk/total": 8235444,
  "allocator/mesos/quota/roles/dcos-service-kafka-integration-data-exchange-source/resources/mem/guarantee": 12185,
  "master/uptime_secs": 1384316.28171699,
  "master/tasks_error": 0,
  "master/task_lost/source_slave/reason_executor_reregistration_timeout": 12,
  "master/invalid_framework_to_executor_messages": 0,
  "frameworks/chrmiller-test-kafka-kafka-principal/messages_received": 0,
  "allocator/mesos/resources/cpus/offered_or_allocated": 558.8,
  "master/frameworks_inactive": 16,
  "master/tasks_finished": 3951,
  "allocator/mesos/roles/*/shares/dominant": 0.0741869918699187,
  "allocator/mesos/offer_filters/roles/kafka-development-ai-platform-role/active": 0,
  "master/slave_registrations": 0,
  "master/slaves_inactive": 0,
  "master/frameworks_connected": 20,
  "master/tasks_killed": 9644,
  "allocator/mesos/quota/roles/dcos-service-kafka-development-ai-platform/resources/mem/guarantee": 3072,
  "master/cpus_used": 558.8,
  "master/valid_framework_to_executor_messages": 0,
  "master/messages_status_update": 83530,
  "allocator/mesos/offer_filters/roles/kafka-integration-data-exchange-source-role/active": 0,
  "allocator/mesos/offer_filters/roles/slave_public/active": 15,
  "frameworks/potato-kafka-principal/messages_received": 0,
  "allocator/mesos/roles/kafka-integration-data-exchange-source-role/shares/dominant": 0.040650406504065,
  "master/task_lost/source_master/reason_slave_disconnected": 58,
  "allocator/mesos/quota/roles/dcos-service-kafka-integration-data-exchange-source/resources/disk/guarantee": 160768,
  "frameworks/dcos_marathon/messages_received": 1902901,
  "allocator/mesos/offer_filters/roles/*/active": 172,
  "allocator/mesos/offer_filters/roles/candidate-dataexchange-source-kafka-role/active": 0,
  "master/task_unreachable/source_master/reason_slave_removed": 96,
  "frameworks/dcos_metronome/messages_received": 5030,
  "allocator/mesos/roles/chrmiller-test-kafka-kafka-role/shares/dominant": 0,
  "frameworks/kafka-development-ai-platform-principal/messages_processed": 2110,
  "allocator/mesos/resources/disk/offered_or_allocated": 349576,
  "system/mem_free_bytes": 103583264768,
  "allocator/mesos/roles/potato-kafka-role/shares/dominant": 0,
  "overlay/log/recovered": 1,
  "allocator/mesos/offer_filters/roles/potato-kafka-role/active": 0,
  "master/task_gone/source_slave/reason_executor_reregistration_timeout": 70,
  "allocator/mesos/roles/kafka-integration-ai-platform-role/shares/dominant": 0.00304878048780488,
  "master/mem_revocable_percent": 0,
  "frameworks/candidate-dataexchange-source-kafka-principal/messages_received": 0,
  "master/task_killed/source_master/reason_framework_removed": 715,
  "frameworks/dataexchange-source-kafka-principal/messages_processed": 205,
  "allocator/mesos/quota/roles/dcos-service-kafka-integration-data-exchange-source/resources/cpus/guarantee": 41,
  "master/task_killed/source_slave/reason_task_killed_during_launch": 291,
  "master/mem_total": 5010893,
  "registrar/state_store_ms": 10.212096,
  "frameworks/dataexchange-source-kafka-principal/messages_received": 205,
  "frameworks/spark-general-use-principal/messages_processed": 990936,
  "allocator/mesos/roles/dataexchange-source-kafka-role/shares/dominant": 0.024390243902439,
  "allocator/mesos/roles/candidate-dataexchange-source-kafka-role/shares/dominant": 0.00813008130081301,
  "master/mem_percent": 0.244624660714168,
  "allocator/mesos/quota/roles/dcos-service-kafka-integration-ai-platform/resources/mem/guarantee": 3072,
  "allocator/mesos/quota/roles/dcos-service-kafka-integration-ai-platform/resources/cpus/guarantee": 4,
  "allocator/mesos/offer_filters/roles/chrmiller-test-kafka-kafka-role/active": 0,
  "master/disk_percent": 0.0424477417368147,
  "master/gpus_revocable_percent": 0,
  "master/gpus_total": 0,
  "master/disk_revocable_total": 0,
  "master/event_queue_http_requests": 0,
  "master/disk_total": 8235444,
  "allocator/mesos/allocation_run_ms/min": 4.772096,
  "master/messages_deactivate_framework": 1,
  "master/messages_launch_tasks": 38388,
  "master/messages_unregister_framework": 175,
  "allocator/mesos/allocation_run_ms/p95": 63.1682944,
  "allocator/mesos/offer_filters/roles/dataexchange-source-kafka-role/active": 0,
  "master/disk_revocable_used": 0,
  "master/frameworks_disconnected": 16,
  "master/messages_authenticate": 397,
  "master/slave_shutdowns_completed": 0,
  "master/invalid_status_updates": 8922,
  "master/slave_unreachable_completed": 3,
  "master/slave_reregistrations": 18,
  "allocator/mesos/allocation_run_ms/p999": 69.281336064,
  "master/messages_resource_request": 0,
  "allocator/mesos/quota/roles/dcos-service-kafka-development-ai-platform/resources/disk/guarantee": 3072,
  "master/messages_reconcile_tasks": 57300,
  "master/tasks_lost": 80,
  "master/event_queue_messages": 0,
  "master/slaves_connected": 15,
  "master/messages_status_update_acknowledgement": 74609,
  "master/tasks_unreachable": 0,
  "frameworks/kafka-integration-data-exchange-source-principal/messages_processed": 149812,
  "allocator/mesos/allocation_run_ms/count": 1000,
  "master/messages_decline_offers": 2928571,
  "master/task_failed/source_slave/reason_container_launch_failed": 10992,
  "master/slave_removals/reason_unhealthy": 3,
  "master/messages_framework_to_executor": 0,
  "master/messages_kill_task": 13192,
  "master/slave_shutdowns_canceled": 0,
  "master/tasks_failed": 22323,
  "master/invalid_status_update_acknowledgements": 0,
  "system/load_5min": 0.51,
  "master/slave_removals": 3,
  "frameworks/potato-kafka-principal/messages_processed": 0,
  "master/slave_removals/reason_unregistered": 0,
  "master/invalid_executor_to_framework_messages": 0,
  "master/slave_unreachable_canceled": 0,
  "master/valid_status_update_acknowledgements": 74609,
  "master/disk_used": 349576,
  "master/messages_exited_executor": 234,
  "frameworks/candidate-dataexchange-source-kafka-principal/messages_processed": 0,
  "master/cpus_percent": 0.567886178861789,
  "master/messages_register_framework": 227,
  "master/recovery_slave_removals": 0,
  "allocator/mesos/quota/roles/dcos-service-dataexchange-source-kafka/resources/mem/guarantee": 13312,
  "allocator/mesos/allocation_run_ms/p99": 66.148032,
  "master/gpus_revocable_used": 0,
  "master/slave_unreachable_scheduled": 3,
  "master/disk_revocable_percent": 0,
  "master/task_failed/source_slave/reason_executor_terminated": 1,
  "master/messages_unregister_slave": 0,
  "master/slave_shutdowns_scheduled": 0,
  "frameworks/dcos_marathon/messages_processed": 1902901,
  "registrar/registry_size_bytes": 7500,
  "master/dropped_messages": 7,
  "master/messages_reregister_framework": 149,
  "master/mem_revocable_total": 0,
  "master/tasks_gone_by_operator": 0,
  "allocator/mesos/event_queue_dispatches": 1,
  "master/frameworks_active": 20,
  "frameworks/kafka-development-ai-platform-principal/messages_received": 2110,
  "master/elected": 1,
  "allocator/mesos/quota/roles/dcos-service-dataexchange-source-kafka/resources/disk/guarantee": 15360,
  "master/messages_register_slave": 0,
  "allocator/mesos/allocation_run_ms/p90": 62.5387776,
  "master/messages_update_slave": 31,
  "master/event_queue_dispatches": 13,
  "allocator/mesos/resources/mem/offered_or_allocated": 1225788,
  "allocator/mesos/roles/kafka-development-ai-platform-role/shares/dominant": 0.00304878048780488,
  "allocator/mesos/offer_filters/roles/kafka-integration-ai-platform-role/active": 0,
  "master/gpus_percent": 0,
  "master/task_lost/source_master/reason_slave_removed": 6,
  "frameworks/spark-principal/messages_processed": 166189,
  "allocator/mesos/allocation_run_ms": 57.46176,
  "allocator/mesos/quota/roles/dcos-service-dataexchange-source-kafka/resources/cpus/guarantee": 25,
  "allocator/mesos/allocation_run_ms/max": 70.616064,
  "frameworks/dcos_metronome/messages_processed": 5030,
  "frameworks/kafka-integration-data-exchange-source-principal/messages_received": 149812,
  "allocator/mesos/allocation_run_ms/p50": 59.004032,
  "master/cpus_revocable_total": 0,
  "master/gpus_revocable_total": 0,
  "allocator/mesos/roles/slave_public/shares/dominant": 0.0207215447154472,
  "allocator/mesos/allocation_run_ms/p9999": 70.4825912064001,
  "master/messages_revive_offers": 107856,
  "allocator/mesos/resources/cpus/total": 984,
  "master/mem_used": 1225788,
  "allocator/mesos/allocation_runs": 1441470,
  "allocator/mesos/resources/mem/total": 5010893,
  "master/valid_executor_to_framework_messages": 0,
  "frameworks/spark-general-use-principal/messages_received": 990936,
  "system/load_1min": 0.47,
  "registrar/queued_operations": 0,
  "master/slaves_active": 15,
  "allocator/event_queue_dispatches": 2,
  "master/tasks_starting": 0,
  "allocator/mesos/quota/roles/dcos-service-kafka-integration-ai-platform/resources/disk/guarantee": 3072,
  "master/outstanding_offers": 0,
  "system/cpus_total": 48,
  "frameworks/spark-principal/messages_received": 166189,
  "allocator/mesos/quota/roles/dcos-service-kafka-development-ai-platform/resources/cpus/guarantee": 4,
  "master/messages_reregister_slave": 31,
  "master/cpus_revocable_percent": 0,
  "master/mem_revocable_used": 0
}